<?xml version="1.0" encoding="UTF-8"?>
<!-- Generated by org.testng.reporters.JUnitReportReporter -->
<testsuite skipped="0" hostname="DESKTOP-3S3P68U" name="Demo.Demo.BrokenLinkTest" tests="1" failures="0" timestamp="2021-10-23T11:38:19 IST" time="15.794" errors="0">
  <testcase name="BrokenLinkTest" time="15.794" classname="Demo.Demo.BrokenLinkTest"/>
  <system-out/>
</testsuite> <!-- Demo.Demo.BrokenLinkTest -->
