<?xml version="1.0" encoding="UTF-8"?>
<!-- Generated by org.testng.reporters.JUnitReportReporter -->
<testsuite skipped="0" hostname="DESKTOP-3S3P68U" name="Demo.Demo.DataProviderDemo" tests="2" failures="0" timestamp="2021-11-06T08:04:39 IST" time="0.054" errors="0">
  <testcase name="doLogin" time="0.001" classname="Demo.Demo.DataProviderDemo"/>
  <system-out/>
  <testcase name="doLogin" time="0.053" classname="Demo.Demo.DataProviderDemo"/>
  <system-out/>
</testsuite> <!-- Demo.Demo.DataProviderDemo -->
