<?xml version="1.0" encoding="UTF-8"?>
<!-- Generated by org.testng.reporters.JUnitReportReporter -->
<testsuite skipped="0" hostname="DESKTOP-3S3P68U" name="Demo.Demo.SeleniumFourTest" tests="1" failures="0" timestamp="2021-10-30T17:18:01 IST" time="8.511" errors="0">
  <testcase name="authTest3" time="8.511" classname="Demo.Demo.SeleniumFourTest"/>
  <system-out/>
</testsuite> <!-- Demo.Demo.SeleniumFourTest -->
