<?xml version="1.0" encoding="UTF-8"?>
<!-- Generated by org.testng.reporters.JUnitReportReporter -->
<testsuite skipped="0" hostname="DESKTOP-3S3P68U" name="Grid.BrowserStackDemo" tests="1" failures="0" timestamp="2021-12-26T11:03:15 IST" time="21.915" errors="0">
  <testcase name="startDriver" time="21.915" classname="Grid.BrowserStackDemo"/>
  <system-out/>
</testsuite> <!-- Grid.BrowserStackDemo -->
