<?xml version="1.0" encoding="UTF-8"?>
<!-- Generated by org.testng.reporters.JUnitReportReporter -->
<testsuite skipped="2" hostname="DESKTOP-3S3P68U" name="Demo.Demo.ExtentDemo" tests="6" failures="0" timestamp="2021-12-11T17:03:20 IST" time="0.026" errors="0">
  <testcase name="Search" time="0.000" classname="Demo.Demo.ExtentDemo"/>
  <system-out/>
  <testcase name="Login" time="0.001" classname="Demo.Demo.ExtentDemo"/>
  <system-out/>
  <testcase name="Search" time="0.001" classname="Demo.Demo.ExtentDemo"/>
  <system-out/>
  <testcase name="Login" time="0.024" classname="Demo.Demo.ExtentDemo"/>
  <system-out/>
  <testcase name="Payment" classname="Demo.Demo.ExtentDemo">
    <skipped/>
  </testcase> <!-- Payment -->
  <system-out/>
  <testcase name="Payment" classname="Demo.Demo.ExtentDemo">
    <skipped/>
  </testcase> <!-- Payment -->
  <system-out/>
</testsuite> <!-- Demo.Demo.ExtentDemo -->
